Performing C++ SOURCE FILE Test CMAKE_HAVE_LIBC_PTHREAD failed with the following output:
Change Dir: /home/patch/giada/build/CMakeFiles/CMakeTmp

Run Build Command(s):/usr/bin/make cmTC_0fa79/fast && /usr/bin/make -f CMakeFiles/cmTC_0fa79.dir/build.make CMakeFiles/cmTC_0fa79.dir/build
make[1]: Entering directory '/home/patch/giada/build/CMakeFiles/CMakeTmp'
Building CXX object CMakeFiles/cmTC_0fa79.dir/src.cxx.o
/usr/bin/c++    -DCMAKE_HAVE_LIBC_PTHREAD   -o CMakeFiles/cmTC_0fa79.dir/src.cxx.o -c /home/patch/giada/build/CMakeFiles/CMakeTmp/src.cxx
Linking CXX executable cmTC_0fa79
/usr/bin/cmake -E cmake_link_script CMakeFiles/cmTC_0fa79.dir/link.txt --verbose=1
/usr/bin/c++   -DCMAKE_HAVE_LIBC_PTHREAD    CMakeFiles/cmTC_0fa79.dir/src.cxx.o  -o cmTC_0fa79 
/usr/bin/ld: CMakeFiles/cmTC_0fa79.dir/src.cxx.o: in function `main':
src.cxx:(.text+0x40): undefined reference to `pthread_create'
/usr/bin/ld: src.cxx:(.text+0x4c): undefined reference to `pthread_detach'
/usr/bin/ld: src.cxx:(.text+0x5c): undefined reference to `pthread_join'
collect2: error: ld returned 1 exit status
make[1]: *** [CMakeFiles/cmTC_0fa79.dir/build.make:87: cmTC_0fa79] Error 1
make[1]: Leaving directory '/home/patch/giada/build/CMakeFiles/CMakeTmp'
make: *** [Makefile:121: cmTC_0fa79/fast] Error 2


Source file was:
#include <pthread.h>

void* test_func(void* data)
{
  return data;
}

int main(void)
{
  pthread_t thread;
  pthread_create(&thread, NULL, test_func, NULL);
  pthread_detach(thread);
  pthread_join(thread, NULL);
  pthread_atfork(NULL, NULL, NULL);
  pthread_exit(NULL);

  return 0;
}

Determining if the function pthread_create exists in the pthreads failed with the following output:
Change Dir: /home/patch/giada/build/CMakeFiles/CMakeTmp

Run Build Command(s):/usr/bin/make cmTC_5d425/fast && /usr/bin/make -f CMakeFiles/cmTC_5d425.dir/build.make CMakeFiles/cmTC_5d425.dir/build
make[1]: Entering directory '/home/patch/giada/build/CMakeFiles/CMakeTmp'
Building CXX object CMakeFiles/cmTC_5d425.dir/CheckFunctionExists.cxx.o
/usr/bin/c++    -DCHECK_FUNCTION_EXISTS=pthread_create   -o CMakeFiles/cmTC_5d425.dir/CheckFunctionExists.cxx.o -c /home/patch/giada/build/CMakeFiles/CheckLibraryExists/CheckFunctionExists.cxx
Linking CXX executable cmTC_5d425
/usr/bin/cmake -E cmake_link_script CMakeFiles/cmTC_5d425.dir/link.txt --verbose=1
/usr/bin/c++   -DCHECK_FUNCTION_EXISTS=pthread_create    CMakeFiles/cmTC_5d425.dir/CheckFunctionExists.cxx.o  -o cmTC_5d425  -lpthreads 
/usr/bin/ld: cannot find -lpthreads
collect2: error: ld returned 1 exit status
make[1]: *** [CMakeFiles/cmTC_5d425.dir/build.make:87: cmTC_5d425] Error 1
make[1]: Leaving directory '/home/patch/giada/build/CMakeFiles/CMakeTmp'
make: *** [Makefile:121: cmTC_5d425/fast] Error 2



